{"C:\\Users\\user\\DEVELOPMENT\\frontend\\react-base\\src\\native\\components\\Router\\Route.tsx": {"path":"C:\\Users\\user\\DEVELOPMENT\\frontend\\react-base\\src\\native\\components\\Router\\Route.tsx","statementMap":{"0":{"start":{"line":9,"column":21},"end":{"line":13,"column":null}},"1":{"start":{"line":10,"column":28},"end":{"line":10,"column":null}},"2":{"start":{"line":12,"column":2},"end":{"line":12,"column":null}}},"fnMap":{"0":{"name":"(anonymous_0)","decl":{"start":{"line":9,"column":21},"end":{"line":9,"column":22}},"loc":{"start":{"line":9,"column":53},"end":{"line":13,"column":null}},"line":9}},"branchMap":{"0":{"loc":{"start":{"line":12,"column":9},"end":{"line":12,"column":null}},"type":"cond-expr","locations":[{"start":{"line":12,"column":32},"end":{"line":12,"column":44}},{"start":{"line":12,"column":44},"end":{"line":12,"column":null}}],"line":12}},"s":{"0":1,"1":2,"2":2},"f":{"0":2},"b":{"0":[1,1]},"meta":{"lastBranch":1,"lastFunction":1,"lastStatement":3,"seen":{"s:9:21:13:Infinity":0,"f:9:21:9:22":0,"s:10:28:10:Infinity":1,"s:12:2:12:Infinity":2,"b:12:32:12:44:12:44:12:Infinity":0}}}
,"C:\\Users\\user\\DEVELOPMENT\\frontend\\react-base\\src\\native\\components\\Router\\Router.tsx": {"path":"C:\\Users\\user\\DEVELOPMENT\\frontend\\react-base\\src\\native\\components\\Router\\Router.tsx","statementMap":{"0":{"start":{"line":9,"column":6},"end":{"line":9,"column":null}},"1":{"start":{"line":14,"column":22},"end":{"line":35,"column":null}},"2":{"start":{"line":15,"column":22},"end":{"line":15,"column":null}},"3":{"start":{"line":17,"column":2},"end":{"line":26,"column":null}},"4":{"start":{"line":18,"column":29},"end":{"line":20,"column":null}},"5":{"start":{"line":19,"column":6},"end":{"line":19,"column":null}},"6":{"start":{"line":21,"column":4},"end":{"line":21,"column":null}},"7":{"start":{"line":23,"column":4},"end":{"line":25,"column":null}},"8":{"start":{"line":24,"column":6},"end":{"line":24,"column":null}},"9":{"start":{"line":28,"column":19},"end":{"line":32,"column":null}},"10":{"start":{"line":29,"column":4},"end":{"line":29,"column":null}},"11":{"start":{"line":31,"column":4},"end":{"line":31,"column":null}},"12":{"start":{"line":34,"column":2},"end":{"line":34,"column":null}},"13":{"start":{"line":38,"column":2},"end":{"line":38,"column":null}}},"fnMap":{"0":{"name":"(anonymous_0)","decl":{"start":{"line":9,"column":78},"end":{"line":9,"column":84}},"loc":{"start":{"line":9,"column":84},"end":{"line":9,"column":87}},"line":9},"1":{"name":"(anonymous_1)","decl":{"start":{"line":14,"column":22},"end":{"line":14,"column":23}},"loc":{"start":{"line":14,"column":47},"end":{"line":35,"column":null}},"line":14},"2":{"name":"(anonymous_2)","decl":{"start":{"line":17,"column":12},"end":{"line":17,"column":18}},"loc":{"start":{"line":17,"column":18},"end":{"line":26,"column":5}},"line":17},"3":{"name":"(anonymous_3)","decl":{"start":{"line":18,"column":29},"end":{"line":18,"column":35}},"loc":{"start":{"line":18,"column":35},"end":{"line":20,"column":null}},"line":18},"4":{"name":"(anonymous_4)","decl":{"start":{"line":23,"column":11},"end":{"line":23,"column":17}},"loc":{"start":{"line":23,"column":17},"end":{"line":25,"column":null}},"line":23},"5":{"name":"(anonymous_5)","decl":{"start":{"line":28,"column":19},"end":{"line":28,"column":20}},"loc":{"start":{"line":28,"column":35},"end":{"line":32,"column":null}},"line":28},"6":{"name":"useRouter","decl":{"start":{"line":37,"column":16},"end":{"line":37,"column":28}},"loc":{"start":{"line":37,"column":28},"end":{"line":39,"column":null}},"line":37}},"branchMap":{},"s":{"0":2,"1":2,"2":4,"3":4,"4":3,"5":0,"6":3,"7":3,"8":3,"9":4,"10":1,"11":1,"12":4,"13":4},"f":{"0":0,"1":4,"2":3,"3":0,"4":3,"5":1,"6":4},"b":{},"meta":{"lastBranch":0,"lastFunction":7,"lastStatement":14,"seen":{"s:9:6:9:Infinity":0,"f:9:78:9:84":0,"s:14:22:35:Infinity":1,"f:14:22:14:23":1,"s:15:22:15:Infinity":2,"s:17:2:26:Infinity":3,"f:17:12:17:18":2,"s:18:29:20:Infinity":4,"f:18:29:18:35":3,"s:19:6:19:Infinity":5,"s:21:4:21:Infinity":6,"s:23:4:25:Infinity":7,"f:23:11:23:17":4,"s:24:6:24:Infinity":8,"s:28:19:32:Infinity":9,"f:28:19:28:20":5,"s:29:4:29:Infinity":10,"s:31:4:31:Infinity":11,"s:34:2:34:Infinity":12,"f:37:16:37:28":6,"s:38:2:38:Infinity":13}}}
}
